<?xml version="1.0" encoding="UTF-8"?>
<testsuite xmlns:xsi="http://www.w3.org/2001/XMLSchema-instance" xsi:noNamespaceSchemaLocation="https://maven.apache.org/surefire/maven-surefire-plugin/xsd/surefire-test-report-3.0.xsd" version="3.0" name="com.plagiarism.WordSegmenterTest" time="0.381" tests="3" errors="0" skipped="0" failures="0">
  <properties>
[...]
</properties>
  <testcase name="segment_emptyText_shouldReturnEmptyList" classname="com.plagiarism.WordSegmenterTest" time="0.375">
    <system-out><![CDATA[main dict load finished, time elapsed 346 ms
model load finished, time elapsed 15 ms.
]]></system-out>
  </testcase>
  <testcase name="segment_normalText_shouldReturnCorrectWords" classname="com.plagiarism.WordSegmenterTest" time="0.003"/>
  <testcase name="segment_singleCharacter_shouldWorkProperly" classname="com.plagiarism.WordSegmenterTest" time="0.0"/>
</testsuite>